Running: E:\14.7\ISE_DS\ISE\bin\nt64\unwrapped\fuse.exe -intstyle ise -incremental -lib secureip -o E:/14.7/ISE_DS/Lab/Shift_Left/tb_Shift_Left_isim_beh.exe -prj E:/14.7/ISE_DS/Lab/Shift_Left/tb_Shift_Left_beh.prj work.tb_Shift_Left 
ISim P.20131013 (signature 0x7708f090)
Number of CPUs detected in this system: 4
Turning on mult-threading, number of parallel sub-compilation jobs: 8 
Determining compilation order of HDL files
Parsing VHDL file "E:/14.7/ISE_DS/Lab/Shift_Left/D_Component.vhd" into library work
Parsing VHDL file "E:/14.7/ISE_DS/Lab/Shift_Left/Shift_Left.vhd" into library work
Parsing VHDL file "E:/14.7/ISE_DS/Lab/Shift_Left/tb_Shift_Left.vhd" into library work
Starting static elaboration
Completed static elaboration
Compiling package standard
Compiling package std_logic_1164
Compiling architecture behavioral of entity D_Component [d_component_default]
Compiling architecture behavioral of entity Shift_Left [shift_left_default]
Compiling architecture behavior of entity tb_shift_left
Time Resolution for simulation is 1ps.
Waiting for 1 sub-compilation(s) to finish...
Compiled 7 VHDL Units
Built simulation executable E:/14.7/ISE_DS/Lab/Shift_Left/tb_Shift_Left_isim_beh.exe
Fuse Memory Usage: 29896 KB
Fuse CPU Usage: 640 ms
